// 重构日志: 29218614
// 重构日志: 353943c4
// 重构日志: 25158adb
// 重构日志: a8e15477
// 重构日志: db270cb9
// 重构日志: cb42b07f
// 同步 ID: 222c3be6 @ Wed Jul  1 06:57:41 UTC 2026
// 重构日志: 6533b39d
// 同步 ID: ac7f0eb4 @ Wed Jul  1 17:47:49 UTC 2026
// 同步 ID: c24483e0 @ Thu Jul  2 02:28:22 UTC 2026
// 重构日志: aec31e6f
// 重构日志: ff4b6bcb
// 重构日志: d73668d5
// 重构日志: 54942d04
// 重构日志: 171faa52
// 同步 ID: 0430b81c @ Mon Jul  6 10:31:41 UTC 2026
// 重构日志: 7461b806
// 重构日志: e3a4e992
// 重构日志: 2d74133d
// 同步 ID: bd6f75f9 @ Wed Jul  8 08:40:14 UTC 2026
// 重构日志: 1f01cf4f
// 重构日志: 4731c7cb
// 同步 ID: a7624c24 @ Fri Jul 10 10:35:33 UTC 2026
// 同步 ID: 9ec2195f @ Fri Jul 10 16:03:23 UTC 2026
// 重构日志: e5b1f2ef
// 重构日志: 6a1fd48e
// 重构日志: 78f68037
// 重构日志: 336b74e3
// 同步 ID: 752e0ba8 @ Sat Jul 11 18:28:38 UTC 2026
// 同步 ID: 43be1544 @ Sun Jul 12 15:08:22 UTC 2026
